#
# There is insufficient memory for the Java Runtime Environment to continue.
# Native memory allocation (malloc) failed to allocate 1497456 bytes for Chunk::new
# Possible reasons:
#   The system is out of physical RAM or swap space
#   In 32 bit mode, the process size limit was hit
# Possible solutions:
#   Reduce memory load on the system
#   Increase physical memory or swap space
#   Check if swap backing store is full
#   Use 64 bit Java on a 64 bit OS
#   Decrease Java heap size (-Xmx/-Xms)
#   Decrease number of Java threads
#   Decrease Java thread stack sizes (-Xss)
#   Set larger code cache with -XX:ReservedCodeCacheSize=
# This output file may be truncated or incomplete.
#
#  Out of Memory Error (allocation.cpp:390), pid=7656, tid=0x000000000000171c
#
# JRE version: Java(TM) SE Runtime Environment (8.0_111-b14) (build 1.8.0_111-b14)
# Java VM: Java HotSpot(TM) 64-Bit Server VM (25.111-b14 mixed mode windows-amd64 compressed oops)
# Failed to write core dump. Minidumps are not enabled by default on client versions of Windows
#

---------------  T H R E A D  ---------------

Current thread (0x00000000589e6800):  JavaThread "C2 CompilerThread0" daemon [_thread_in_native, id=5916, stack(0x0000000059060000,0x0000000059160000)]

Stack: [0x0000000059060000,0x0000000059160000]
[error occurred during error reporting (printing stack bounds), id 0xc0000005]

Native frames: (J=compiled Java code, j=interpreted, Vv=VM code, C=native code)


Current CompileTask:
C2:   6641 2981       4       org.springframework.boot.context.properties.source.ConfigurationPropertyName$ElementsParser::parse (234 bytes)


---------------  P R O C E S S  ---------------

Java Threads: ( => current thread )
  0x000000005de1c800 JavaThread "mysql-cj-abandoned-connection-cleanup" daemon [_thread_blocked, id=6632, stack(0x000000005ee70000,0x000000005ef70000)]
  0x0000000058bac800 JavaThread "surefire-forkedjvm-ping-30s" daemon [_thread_in_native, id=5008, stack(0x0000000059560000,0x0000000059660000)]
  0x0000000058b14800 JavaThread "surefire-forkedjvm-command-thread" daemon [_thread_in_native, id=5796, stack(0x0000000059950000,0x0000000059a50000)]
  0x0000000058a6d800 JavaThread "Service Thread" daemon [_thread_blocked, id=7632, stack(0x0000000059670000,0x0000000059770000)]
  0x00000000589fb000 JavaThread "C1 CompilerThread2" daemon [_thread_blocked, id=7296, stack(0x0000000059430000,0x0000000059530000)]
  0x00000000589e9000 JavaThread "C2 CompilerThread1" daemon [_thread_blocked, id=1772, stack(0x00000000592e0000,0x00000000593e0000)]
=>0x00000000589e6800 JavaThread "C2 CompilerThread0" daemon [_thread_in_native, id=5916, stack(0x0000000059060000,0x0000000059160000)]
  0x00000000589e2800 JavaThread "Attach Listener" daemon [_thread_blocked, id=7924, stack(0x0000000058de0000,0x0000000058ee0000)]
  0x00000000576c4800 JavaThread "Signal Dispatcher" daemon [_thread_blocked, id=6932, stack(0x0000000058f20000,0x0000000059020000)]
  0x00000000576a9000 JavaThread "Finalizer" daemon [_thread_blocked, id=5360, stack(0x00000000588e0000,0x00000000589e0000)]
  0x0000000057662000 JavaThread "Reference Handler" daemon [_thread_blocked, id=6548, stack(0x0000000058730000,0x0000000058830000)]
  0x00000000001ff000 JavaThread "main" [_thread_in_vm, id=3856, stack(0x00000000024e0000,0x00000000025e0000)]

Other Threads:
  0x000000005765a800 VMThread [stack: 0x0000000058620000,0x0000000058720000] [id=6196]
  0x0000000058a71800 WatcherThread [stack: 0x00000000597c0000,0x00000000598c0000] [id=3552]

VM state:not at safepoint (normal execution)

VM Mutex/Monitor currently owned by a thread: None

Heap:
 PSYoungGen      total 115200K, used 14752K [0x00000000d5580000, 0x00000000dce80000, 0x0000000100000000)
  eden space 106496K, 5% used [0x00000000d5580000,0x00000000d5b69f98,0x00000000dbd80000)
  from space 8704K, 99% used [0x00000000dbd80000,0x00000000dc5fe1a0,0x00000000dc600000)
  to   space 7680K, 0% used [0x00000000dc700000,0x00000000dc700000,0x00000000dce80000)
 ParOldGen       total 54784K, used 8421K [0x0000000080000000, 0x0000000083580000, 0x00000000d5580000)
  object space 54784K, 15% used [0x0000000080000000,0x00000000808394b8,0x0000000083580000)
 Metaspace       used 33167K, capacity 35408K, committed 35496K, reserved 1079296K
  class space    used 4451K, capacity 4844K, committed 4864K, reserved 1048576K

Card table byte_map: [0x0000000011c70000,0x0000000012080000] byte_map_base: 0x0000000011870000

Marking Bits: (ParMarkBitMap*) 0x0000000064a2a6c0
 Begin Bits: [0x00000000128d0000, 0x00000000148d0000)
 End Bits:   [0x00000000148d0000, 0x00000000168d0000)

Polling page: 0x0000000000240000

CodeCache: size=245760Kb used=11259Kb max_used=11272Kb free=234500Kb
 bounds [0x00000000028b0000, 0x00000000033c0000, 0x00000000118b0000]
 total_blobs=3527 nmethods=3132 adapters=307
 compilation: enabled

Compilation events (10 events):
Event: 6.527 Thread 0x00000000589e9000 3126       4       java.util.jar.JarFile::getEntry (22 bytes)
Event: 6.546 Thread 0x00000000589e9000 nmethod 3126 0x0000000003381b50 code [0x0000000003381dc0, 0x0000000003382d58]
Event: 6.546 Thread 0x00000000589e9000 3091       4       java.lang.StringBuilder::append (8 bytes)
Event: 6.553 Thread 0x00000000589e9000 nmethod 3091 0x0000000003397e90 code [0x0000000003398000, 0x0000000003398428]
Event: 6.553 Thread 0x00000000589e9000 3128   !   4       java.util.zip.ZipFile::getEntry (86 bytes)
Event: 6.570 Thread 0x00000000589e9000 nmethod 3128 0x000000000339c550 code [0x000000000339c7a0, 0x000000000339d618]
Event: 6.570 Thread 0x00000000589e9000 2966       4       org.springframework.boot.context.properties.source.ConfigurationPropertyName$Elements::getLength (46 bytes)
Event: 6.571 Thread 0x00000000589e9000 nmethod 2966 0x000000000337e410 code [0x000000000337e560, 0x000000000337e698]
Event: 6.575 Thread 0x00000000589e9000 3141       4       java.util.ArrayDeque::pollFirst (42 bytes)
Event: 6.576 Thread 0x00000000589e9000 nmethod 3141 0x0000000003381890 code [0x00000000033819c0, 0x0000000003381a78]

GC Heap History (10 events):
Event: 3.147 GC heap before
{Heap before GC invocations=4 (full 0):
 PSYoungGen      total 71680K, used 13934K [0x00000000d5580000, 0x00000000da080000, 0x0000000100000000)
  eden space 66560K, 13% used [0x00000000d5580000,0x00000000d5e1fec8,0x00000000d9680000)
  from space 5120K, 99% used [0x00000000d9680000,0x00000000d9b7ba60,0x00000000d9b80000)
  to   space 5120K, 0% used [0x00000000d9b80000,0x00000000d9b80000,0x00000000da080000)
 ParOldGen       total 87552K, used 4397K [0x0000000080000000, 0x0000000085580000, 0x00000000d5580000)
  object space 87552K, 5% used [0x0000000080000000,0x000000008044b6c0,0x0000000085580000)
 Metaspace       used 19757K, capacity 21208K, committed 21296K, reserved 1067008K
  class space    used 2552K, capacity 2856K, committed 2944K, reserved 1048576K
Event: 3.157 GC heap after
Heap after GC invocations=4 (full 0):
 PSYoungGen      total 71680K, used 5114K [0x00000000d5580000, 0x00000000da080000, 0x0000000100000000)
  eden space 66560K, 0% used [0x00000000d5580000,0x00000000d5580000,0x00000000d9680000)
  from space 5120K, 99% used [0x00000000d9b80000,0x00000000da07e830,0x00000000da080000)
  to   space 5120K, 0% used [0x00000000d9680000,0x00000000d9680000,0x00000000d9b80000)
 ParOldGen       total 87552K, used 5057K [0x0000000080000000, 0x0000000085580000, 0x00000000d5580000)
  object space 87552K, 5% used [0x0000000080000000,0x00000000804f0430,0x0000000085580000)
 Metaspace       used 19757K, capacity 21208K, committed 21296K, reserved 1067008K
  class space    used 2552K, capacity 2856K, committed 2944K, reserved 1048576K
}
Event: 3.157 GC heap before
{Heap before GC invocations=5 (full 1):
 PSYoungGen      total 71680K, used 5114K [0x00000000d5580000, 0x00000000da080000, 0x0000000100000000)
  eden space 66560K, 0% used [0x00000000d5580000,0x00000000d5580000,0x00000000d9680000)
  from space 5120K, 99% used [0x00000000d9b80000,0x00000000da07e830,0x00000000da080000)
  to   space 5120K, 0% used [0x00000000d9680000,0x00000000d9680000,0x00000000d9b80000)
 ParOldGen       total 87552K, used 5057K [0x0000000080000000, 0x0000000085580000, 0x00000000d5580000)
  object space 87552K, 5% used [0x0000000080000000,0x00000000804f0430,0x0000000085580000)
 Metaspace       used 19757K, capacity 21208K, committed 21296K, reserved 1067008K
  class space    used 2552K, capacity 2856K, committed 2944K, reserved 1048576K
Event: 3.220 GC heap after
Heap after GC invocations=5 (full 1):
 PSYoungGen      total 71680K, used 0K [0x00000000d5580000, 0x00000000da080000, 0x0000000100000000)
  eden space 66560K, 0% used [0x00000000d5580000,0x00000000d5580000,0x00000000d9680000)
  from space 5120K, 0% used [0x00000000d9b80000,0x00000000d9b80000,0x00000000da080000)
  to   space 5120K, 0% used [0x00000000d9680000,0x00000000d9680000,0x00000000d9b80000)
 ParOldGen       total 54784K, used 5615K [0x0000000080000000, 0x0000000083580000, 0x00000000d5580000)
  object space 54784K, 10% used [0x0000000080000000,0x000000008057bf30,0x0000000083580000)
 Metaspace       used 19757K, capacity 21208K, committed 21296K, reserved 1067008K
  class space    used 2552K, capacity 2856K, committed 2944K, reserved 1048576K
}
Event: 3.539 GC heap before
{Heap before GC invocations=6 (full 1):
 PSYoungGen      total 71680K, used 66506K [0x00000000d5580000, 0x00000000da080000, 0x0000000100000000)
  eden space 66560K, 99% used [0x00000000d5580000,0x00000000d9672a18,0x00000000d9680000)
  from space 5120K, 0% used [0x00000000d9b80000,0x00000000d9b80000,0x00000000da080000)
  to   space 5120K, 0% used [0x00000000d9680000,0x00000000d9680000,0x00000000d9b80000)
 ParOldGen       total 54784K, used 5615K [0x0000000080000000, 0x0000000083580000, 0x00000000d5580000)
  object space 54784K, 10% used [0x0000000080000000,0x000000008057bf30,0x0000000083580000)
 Metaspace       used 23373K, capacity 24952K, committed 25216K, reserved 1071104K
  class space    used 3065K, capacity 3370K, committed 3456K, reserved 1048576K
Event: 3.543 GC heap after
Heap after GC invocations=6 (full 1):
 PSYoungGen      total 71680K, used 4933K [0x00000000d5580000, 0x00000000dd000000, 0x0000000100000000)
  eden space 66560K, 0% used [0x00000000d5580000,0x00000000d5580000,0x00000000d9680000)
  from space 5120K, 96% used [0x00000000d9680000,0x00000000d9b514c0,0x00000000d9b80000)
  to   space 9216K, 0% used [0x00000000dc700000,0x00000000dc700000,0x00000000dd000000)
 ParOldGen       total 54784K, used 5615K [0x0000000080000000, 0x0000000083580000, 0x00000000d5580000)
  object space 54784K, 10% used [0x0000000080000000,0x000000008057bf30,0x0000000083580000)
 Metaspace       used 23373K, capacity 24952K, committed 25216K, reserved 1071104K
  class space    used 3065K, capacity 3370K, committed 3456K, reserved 1048576K
}
Event: 4.504 GC heap before
{Heap before GC invocations=7 (full 1):
 PSYoungGen      total 71680K, used 71493K [0x00000000d5580000, 0x00000000dd000000, 0x0000000100000000)
  eden space 66560K, 100% used [0x00000000d5580000,0x00000000d9680000,0x00000000d9680000)
  from space 5120K, 96% used [0x00000000d9680000,0x00000000d9b514c0,0x00000000d9b80000)
  to   space 9216K, 0% used [0x00000000dc700000,0x00000000dc700000,0x00000000dd000000)
 ParOldGen       total 54784K, used 5615K [0x0000000080000000, 0x0000000083580000, 0x00000000d5580000)
  object space 54784K, 10% used [0x0000000080000000,0x000000008057bf30,0x0000000083580000)
 Metaspace       used 25871K, capacity 27684K, committed 27776K, reserved 1073152K
  class space    used 3374K, capacity 3704K, committed 3712K, reserved 1048576K
Event: 4.529 GC heap after
Heap after GC invocations=7 (full 1):
 PSYoungGen      total 114176K, used 5495K [0x00000000d5580000, 0x00000000dce80000, 0x0000000100000000)
  eden space 106496K, 0% used [0x00000000d5580000,0x00000000d5580000,0x00000000dbd80000)
  from space 7680K, 71% used [0x00000000dc700000,0x00000000dcc5df70,0x00000000dce80000)
  to   space 8704K, 0% used [0x00000000dbd80000,0x00000000dbd80000,0x00000000dc600000)
 ParOldGen       total 54784K, used 5623K [0x0000000080000000, 0x0000000083580000, 0x00000000d5580000)
  object space 54784K, 10% used [0x0000000080000000,0x000000008057df30,0x0000000083580000)
 Metaspace       used 25871K, capacity 27684K, committed 27776K, reserved 1073152K
  class space    used 3374K, capacity 3704K, committed 3712K, reserved 1048576K
}
Event: 6.484 GC heap before
{Heap before GC invocations=8 (full 1):
 PSYoungGen      total 114176K, used 111991K [0x00000000d5580000, 0x00000000dce80000, 0x0000000100000000)
  eden space 106496K, 100% used [0x00000000d5580000,0x00000000dbd80000,0x00000000dbd80000)
  from space 7680K, 71% used [0x00000000dc700000,0x00000000dcc5df70,0x00000000dce80000)
  to   space 8704K, 0% used [0x00000000dbd80000,0x00000000dbd80000,0x00000000dc600000)
 ParOldGen       total 54784K, used 5623K [0x0000000080000000, 0x0000000083580000, 0x00000000d5580000)
  object space 54784K, 10% used [0x0000000080000000,0x000000008057df30,0x0000000083580000)
 Metaspace       used 32499K, capacity 34702K, committed 34944K, reserved 1079296K
  class space    used 4327K, capacity 4715K, committed 4736K, reserved 1048576K
Event: 6.515 GC heap after
Heap after GC invocations=8 (full 1):
 PSYoungGen      total 115200K, used 8696K [0x00000000d5580000, 0x00000000dce80000, 0x0000000100000000)
  eden space 106496K, 0% used [0x00000000d5580000,0x00000000d5580000,0x00000000dbd80000)
  from space 8704K, 99% used [0x00000000dbd80000,0x00000000dc5fe1a0,0x00000000dc600000)
  to   space 7680K, 0% used [0x00000000dc700000,0x00000000dc700000,0x00000000dce80000)
 ParOldGen       total 54784K, used 8421K [0x0000000080000000, 0x0000000083580000, 0x00000000d5580000)
  object space 54784K, 15% used [0x0000000080000000,0x00000000808394b8,0x0000000083580000)
 Metaspace       used 32499K, capacity 34702K, committed 34944K, reserved 1079296K
  class space    used 4327K, capacity 4715K, committed 4736K, reserved 1048576K
}

Deoptimization events (10 events):
Event: 5.844 Thread 0x000000005de1c800 Uncommon trap: reason=unstable_if action=reinterpret pc=0x0000000002b0e854 method=java.util.zip.ZipCoder.getBytes(Ljava/lang/String;)[B @ 32
Event: 5.844 Thread 0x000000005de1c800 Uncommon trap: reason=unstable_if action=reinterpret pc=0x0000000002b04a28 method=java.util.zip.ZipCoder.getBytes(Ljava/lang/String;)[B @ 32
Event: 5.844 Thread 0x000000005de1c800 Uncommon trap: reason=unstable_if action=reinterpret pc=0x0000000002f3c5a8 method=java.net.URL.<init>(Ljava/net/URL;Ljava/lang/String;Ljava/net/URLStreamHandler;)V @ 57
Event: 5.844 Thread 0x000000005de1c800 Uncommon trap: reason=unstable_if action=reinterpret pc=0x0000000002de6e84 method=java.net.URLStreamHandler.parseURL(Ljava/net/URL;Ljava/lang/String;II)V @ 57
Event: 5.844 Thread 0x000000005de1c800 Uncommon trap: reason=unstable_if action=reinterpret pc=0x0000000002eab1b0 method=java.io.WinNTFileSystem.resolve(Ljava/lang/String;Ljava/lang/String;)Ljava/lang/String; @ 19
Event: 5.848 Thread 0x00000000001ff000 Uncommon trap: reason=unstable_if action=reinterpret pc=0x0000000002b39634 method=java.lang.AbstractStringBuilder.append(Ljava/lang/String;)Ljava/lang/AbstractStringBuilder; @ 1
Event: 5.892 Thread 0x00000000001ff000 Uncommon trap: reason=class_check action=maybe_recompile pc=0x00000000032c7b90 method=java.util.concurrent.ConcurrentHashMap.putVal(Ljava/lang/Object;Ljava/lang/Object;Z)Ljava/lang/Object; @ 192
Event: 5.899 Thread 0x00000000001ff000 Uncommon trap: reason=class_check action=maybe_recompile pc=0x00000000032c7b90 method=java.util.concurrent.ConcurrentHashMap.putVal(Ljava/lang/Object;Ljava/lang/Object;Z)Ljava/lang/Object; @ 192
Event: 5.928 Thread 0x00000000001ff000 Uncommon trap: reason=class_check action=maybe_recompile pc=0x00000000032c7b90 method=java.util.concurrent.ConcurrentHashMap.putVal(Ljava/lang/Object;Ljava/lang/Object;Z)Ljava/lang/Object; @ 192
Event: 6.133 Thread 0x00000000001ff000 Uncommon trap: reason=null_check action=make_not_entrant pc=0x0000000003157c38 method=org.springframework.beans.factory.support.DefaultListableBeanFactory.getBeanDefinition(Ljava/lang/String;)Lorg/springframework/beans/factory/config/BeanDefinition; @ 10

Internal exceptions (10 events):
Event: 6.164 Thread 0x00000000001ff000 Exception <a 'java/lang/ClassNotFoundException': org/springframework/beans/factory/BeanClassLoaderAwareCustomizer> (0x00000000dafc2018) thrown at [C:\re\workspace\8-2-build-windows-amd64-cygwin\jdk8u111\7883\hotspot\src\share\vm\classfile\systemDictionary
Event: 6.165 Thread 0x00000000001ff000 Exception <a 'java/lang/ClassNotFoundException': org/springframework/beans/factory/AwareCustomizer> (0x00000000dafdea68) thrown at [C:\re\workspace\8-2-build-windows-amd64-cygwin\jdk8u111\7883\hotspot\src\share\vm\classfile\systemDictionary.cpp, line 210]
Event: 6.166 Thread 0x00000000001ff000 Exception <a 'java/lang/ClassNotFoundException': org/springframework/beans/factory/BeanFactoryAwareCustomizer> (0x00000000daffe598) thrown at [C:\re\workspace\8-2-build-windows-amd64-cygwin\jdk8u111\7883\hotspot\src\share\vm\classfile\systemDictionary.cpp
Event: 6.166 Thread 0x00000000001ff000 Exception <a 'java/lang/ClassNotFoundException': org/springframework/beans/factory/AwareCustomizer> (0x00000000db01b548) thrown at [C:\re\workspace\8-2-build-windows-amd64-cygwin\jdk8u111\7883\hotspot\src\share\vm\classfile\systemDictionary.cpp, line 210]
Event: 6.167 Thread 0x00000000001ff000 Exception <a 'java/lang/ClassNotFoundException': org/springframework/beans/factory/BeanNameAwareCustomizer> (0x00000000db039b90) thrown at [C:\re\workspace\8-2-build-windows-amd64-cygwin\jdk8u111\7883\hotspot\src\share\vm\classfile\systemDictionary.cpp, l
Event: 6.168 Thread 0x00000000001ff000 Exception <a 'java/lang/ClassNotFoundException': org/springframework/beans/factory/AwareCustomizer> (0x00000000db056638) thrown at [C:\re\workspace\8-2-build-windows-amd64-cygwin\jdk8u111\7883\hotspot\src\share\vm\classfile\systemDictionary.cpp, line 210]
Event: 6.169 Thread 0x00000000001ff000 Exception <a 'java/lang/ClassNotFoundException': org/springframework/beans/factory/InitializingBeanCustomizer> (0x00000000db076168) thrown at [C:\re\workspace\8-2-build-windows-amd64-cygwin\jdk8u111\7883\hotspot\src\share\vm\classfile\systemDictionary.cpp
Event: 6.170 Thread 0x00000000001ff000 Exception <a 'java/lang/ClassNotFoundException': org/springframework/beans/factory/DisposableBeanCustomizer> (0x00000000db094fd8) thrown at [C:\re\workspace\8-2-build-windows-amd64-cygwin\jdk8u111\7883\hotspot\src\share\vm\classfile\systemDictionary.cpp, 
Event: 6.171 Thread 0x00000000001ff000 Exception <a 'java/lang/ClassNotFoundException': org/springframework/orm/jpa/EntityManagerFactoryInfoCustomizer> (0x00000000db0b5eb0) thrown at [C:\re\workspace\8-2-build-windows-amd64-cygwin\jdk8u111\7883\hotspot\src\share\vm\classfile\systemDictionary.c
Event: 6.173 Thread 0x00000000001ff000 Exception <a 'java/lang/ClassNotFoundException': org/springframework/dao/support/PersistenceExceptionTranslatorCustomizer> (0x00000000db0e7f60) thrown at [C:\re\workspace\8-2-build-windows-amd64-cygwin\jdk8u111\7883\hotspot\src\share\vm\classfile\systemDi

Events (10 events):
Event: 6.636 loading class net/bytebuddy/dynamic/scaffold/FieldLocator$AbstractBase
Event: 6.636 loading class net/bytebuddy/dynamic/scaffold/FieldLocator$AbstractBase done
Event: 6.637 loading class net/bytebuddy/dynamic/scaffold/FieldLocator
Event: 6.637 loading class net/bytebuddy/dynamic/scaffold/FieldLocator done
Event: 6.638 loading class net/bytebuddy/dynamic/scaffold/FieldLocator$ForExactType
Event: 6.638 loading class net/bytebuddy/dynamic/scaffold/FieldLocator$ForExactType done
Event: 6.639 loading class net/bytebuddy/implementation/bytecode/StackManipulation$Trivial
Event: 6.639 loading class net/bytebuddy/implementation/bytecode/StackManipulation$Trivial done
Event: 6.639 loading class net/bytebuddy/implementation/bind/annotation/FieldValue
Event: 6.639 loading class net/bytebuddy/implementation/bind/annotation/FieldValue done


Dynamic libraries:
0x000000013f240000 - 0x000000013f277000 	C:\Program Files\Java\jdk1.8.0_111\jre\bin\java.exe
0x00000000777d0000 - 0x0000000077979000 	C:\Windows\SYSTEM32\ntdll.dll
0x00000000775b0000 - 0x00000000776cf000 	C:\Windows\system32\kernel32.dll
0x000007fefd810000 - 0x000007fefd87c000 	C:\Windows\system32\KERNELBASE.dll
0x000007fefdaf0000 - 0x000007fefdbcb000 	C:\Windows\system32\ADVAPI32.dll
0x000007fefde10000 - 0x000007fefdeaf000 	C:\Windows\system32\msvcrt.dll
0x000007fefdf40000 - 0x000007fefdf5f000 	C:\Windows\SYSTEM32\sechost.dll
0x000007feff5d0000 - 0x000007feff6fd000 	C:\Windows\system32\RPCRT4.dll
0x00000000776d0000 - 0x00000000777ca000 	C:\Windows\system32\USER32.dll
0x000007fefdeb0000 - 0x000007fefdf17000 	C:\Windows\system32\GDI32.dll
0x000007fefde00000 - 0x000007fefde0e000 	C:\Windows\system32\LPK.dll
0x000007fefdd30000 - 0x000007fefddf9000 	C:\Windows\system32\USP10.dll
0x000007fefbfa0000 - 0x000007fefc194000 	C:\Windows\WinSxS\amd64_microsoft.windows.common-controls_6595b64144ccf1df_6.0.7601.17514_none_fa396087175ac9ac\COMCTL32.dll
0x000007feff710000 - 0x000007feff781000 	C:\Windows\system32\SHLWAPI.dll
0x000007feff2c0000 - 0x000007feff2ee000 	C:\Windows\system32\IMM32.DLL
0x000007fefdbd0000 - 0x000007fefdcd9000 	C:\Windows\system32\MSCTF.dll
0x00000000677a0000 - 0x0000000067872000 	C:\Program Files\Java\jdk1.8.0_111\jre\bin\msvcr100.dll
0x0000000064210000 - 0x0000000064aaa000 	C:\Program Files\Java\jdk1.8.0_111\jre\bin\server\jvm.dll
0x000007fef0e70000 - 0x000007fef0e79000 	C:\Windows\system32\WSOCK32.dll
0x000007fefdce0000 - 0x000007fefdd2d000 	C:\Windows\system32\WS2_32.dll
0x000007feff700000 - 0x000007feff708000 	C:\Windows\system32\NSI.dll
0x000007fefa720000 - 0x000007fefa75b000 	C:\Windows\system32\WINMM.dll
0x000007fefc660000 - 0x000007fefc66c000 	C:\Windows\system32\VERSION.dll
0x0000000077990000 - 0x0000000077997000 	C:\Windows\system32\PSAPI.DLL
0x000000006a3d0000 - 0x000000006a3df000 	C:\Program Files\Java\jdk1.8.0_111\jre\bin\verify.dll
0x00000000696c0000 - 0x00000000696e9000 	C:\Program Files\Java\jdk1.8.0_111\jre\bin\java.dll
0x0000000069e10000 - 0x0000000069e26000 	C:\Program Files\Java\jdk1.8.0_111\jre\bin\zip.dll
0x000007fefe000000 - 0x000007fefed88000 	C:\Windows\system32\SHELL32.dll
0x000007feff0b0000 - 0x000007feff2b3000 	C:\Windows\system32\ole32.dll
0x000007fefd720000 - 0x000007fefd72f000 	C:\Windows\system32\profapi.dll
0x000000006a520000 - 0x000000006a52d000 	C:\Program Files\Java\jdk1.8.0_111\jre\bin\management.dll
0x000007fefd5f0000 - 0x000007fefd647000 	C:\Windows\system32\apphelp.dll
0x00000000696a0000 - 0x00000000696ba000 	C:\Program Files\Java\jdk1.8.0_111\jre\bin\net.dll
0x000007fefcf50000 - 0x000007fefcfa5000 	C:\Windows\system32\mswsock.dll
0x000007fefcf40000 - 0x000007fefcf47000 	C:\Windows\System32\wship6.dll
0x0000000069680000 - 0x0000000069691000 	C:\Program Files\Java\jdk1.8.0_111\jre\bin\nio.dll
0x000007fefb2c0000 - 0x000007fefb2d5000 	C:\Windows\system32\NLAapi.dll
0x000007fef8210000 - 0x000007fef8225000 	C:\Windows\system32\napinsp.dll
0x000007fef81f0000 - 0x000007fef8209000 	C:\Windows\system32\pnrpnsp.dll
0x000007fefcdd0000 - 0x000007fefce2b000 	C:\Windows\system32\DNSAPI.dll
0x000007fef8150000 - 0x000007fef815b000 	C:\Windows\System32\winrnr.dll
0x0000000072d90000 - 0x0000000072db6000 	C:\Program Files\Bonjour\mdnsNSP.dll
0x000007fefac70000 - 0x000007fefac97000 	C:\Windows\system32\Iphlpapi.DLL
0x000007fefac60000 - 0x000007fefac6b000 	C:\Windows\system32\WINNSI.DLL
0x000007fefc760000 - 0x000007fefc767000 	C:\Windows\System32\wshtcpip.dll
0x000007fef7c10000 - 0x000007fef7c18000 	C:\Windows\system32\rasadhlp.dll
0x000007fefaaf0000 - 0x000007fefab43000 	C:\Windows\System32\fwpuclnt.dll

VM Arguments:
java_command: C:\Users\ANDRS~1\AppData\Local\Temp\surefire814672452621217044\surefirebooter200305109189415676.jar C:\Users\Andrés\AppData\Local\Temp\surefire814672452621217044 2021-10-27T21-15-31_202-jvmRun1 surefire4099430392771439270tmp surefire_0492703185372219399tmp
java_class_path (initial): C:\Users\ANDRS~1\AppData\Local\Temp\surefire814672452621217044\surefirebooter200305109189415676.jar
Launcher Type: SUN_STANDARD

Environment Variables:
JAVA_HOME=C:\Program Files\Java\jdk1.8.0_111
PATH=C:\Program Files\Java\apache-maven-3.8.2\bin;C:\Program Files\Java\jdk1.8.0_111\bin;C:\Program Files\Java\jre1.8.0_111\bin;C:\Windows\system32;C:\Program Files\Git\cmd;C:\Program Files\MySQL\MySQL Shell 8.0\bin\
USERNAME=Andrés
OS=Windows_NT
PROCESSOR_IDENTIFIER=Intel64 Family 6 Model 37 Stepping 2, GenuineIntel



---------------  S Y S T E M  ---------------

OS: Windows 7 , 64 bit Build 7601 (6.1.7601.17617)

CPU:total 4 (2 cores per cpu, 2 threads per core) family 6 model 37 stepping 2, cmov, cx8, fxsr, mmx, sse, sse2, sse3, ssse3, sse4.1, sse4.2, popcnt, ht, tsc, tscinvbit

Memory: 4k page, physical 8383792k(3052748k free), swap 8381936k(6296k free)

vm_info: Java HotSpot(TM) 64-Bit Server VM (25.111-b14) for windows-amd64 JRE (1.8.0_111-b14), built on Sep 22 2016 19:24:05 by "java_re" with MS VC++ 10.0 (VS2010)

time: Wed Oct 27 21:15:38 2021
elapsed time: 6 seconds (0d 0h 0m 6s)

